{"name": "При клике на ингредиент, появляется всплывающее окно с деталями", "status": "broken", "statusDetails": {"message": "selenium.common.exceptions.TimeoutException: Message:", "trace": "self = <tests.test_home_page.TestHomePage object at 0x0000018C27644250>, driver = <selenium.webdriver.chrome.webdriver.WebDriver (session=\"22f25b74fe5bf49c349769f4f0811269\")>\n\n    @allure.title('При клике на ингредиент, появляется всплывающее окно с деталями')\n    def test_click_ingredient_open_window_with_details(self, driver):\n        home_page = HomePage(driver)\n        home_page.open(urls.BASE_URL,wait_seconds=3)\n        home_page.click_ingredient()\n        expected_text = 'Детали ингредиента'\n>       actual_text = home_page.availability_modal_window_ingredient_details_text()\n\ntests\\test_home_page.py:32: \n_ _ _ _ _ _ _ _ _ _ _ _ _ _ _ _ _ _ _ _ _ _ _ _ _ _ _ _ _ _ _ _ _ _ _ _ _ _ _ _ _ _ _ _ _ _ _ _ _ _ _ _ _ _ _ _ _ _ _ _ _ _ _ _ _ _ _ _ _ _ _ _ _ _ _ _ _ _ _ _ _ _ _ _ _ _ _ _ _ _ _ _ _ _ _ _ _ _ _ _ _ _ _ _ _ _ _ _ _ _ _ _ _ _ _ _ _ _ _ _ _ _ _ _ _ _ _ _ _ _ _ _ _ _ _ _ _ _ _ _ _ _ _ _ _ _ _ _ _ _ _ _ _ _\npages\\home_page.py:114: in availability_modal_window_ingredient_details_text\n    element = WebDriverWait(self.driver, 20).until(\n_ _ _ _ _ _ _ _ _ _ _ _ _ _ _ _ _ _ _ _ _ _ _ _ _ _ _ _ _ _ _ _ _ _ _ _ _ _ _ _ _ _ _ _ _ _ _ _ _ _ _ _ _ _ _ _ _ _ _ _ _ _ _ _ _ _ _ _ _ _ _ _ _ _ _ _ _ _ _ _ _ _ _ _ _ _ _ _ _ _ _ _ _ _ _ _ _ _ _ _ _ _ _ _ _ _ _ _ _ _ _ _ _ _ _ _ _ _ _ _ _ _ _ _ _ _ _ _ _ _ _ _ _ _ _ _ _ _ _ _ _ _ _ _ _ _ _ _ _ _ _ _ _ _\n\nself = <selenium.webdriver.support.wait.WebDriverWait (session=\"22f25b74fe5bf49c349769f4f0811269\")>, method = <function visibility_of_element_located.<locals>._predicate at 0x0000018C2465EE80>, message = ''\n\n    def until(self, method: Callable[[D], Union[Literal[False], T]], message: str = \"\") -> T:\n        \"\"\"Wait until the method returns a value that is not False.\n    \n        Calls the method provided with the driver as an argument until the\n        return value does not evaluate to ``False``.\n    \n        Parameters:\n        -----------\n        method: callable(WebDriver)\n            - A callable object that takes a WebDriver instance as an argument.\n    \n        message: str\n            - Optional message for :exc:`TimeoutException`\n    \n        Return:\n        -------\n        object: T\n            - The result of the last call to `method`\n    \n        Raises:\n        -------\n        TimeoutException\n            - If 'method' does not return a truthy value within the WebDriverWait\n            object's timeout\n    \n        Example:\n        --------\n        >>> from selenium.webdriver.common.by import By\n        >>> from selenium.webdriver.support.ui import WebDriverWait\n        >>> from selenium.webdriver.support import expected_conditions as EC\n    \n        # Wait until an element is visible on the page\n        >>> wait = WebDriverWait(driver, 10)\n        >>> element = wait.until(EC.visibility_of_element_located((By.ID, \"exampleId\")))\n        >>> print(element.text)\n        \"\"\"\n        screen = None\n        stacktrace = None\n    \n        end_time = time.monotonic() + self._timeout\n        while True:\n            try:\n                value = method(self._driver)\n                if value:\n                    return value\n            except self._ignored_exceptions as exc:\n                screen = getattr(exc, \"screen\", None)\n                stacktrace = getattr(exc, \"stacktrace\", None)\n            if time.monotonic() > end_time:\n                break\n            time.sleep(self._poll)\n>       raise TimeoutException(message, screen, stacktrace)\nE       selenium.common.exceptions.TimeoutException: Message:\n\n.venv\\Lib\\site-packages\\selenium\\webdriver\\support\\wait.py:146: TimeoutException"}, "steps": [{"name": "Открываем страницу: 'https://stellarburgers.nomoreparties.site/'", "status": "passed", "parameters": [{"name": "url", "value": "'https://stellarburgers.nomoreparties.site/'"}, {"name": "wait_seconds", "value": "3"}], "start": 1746449905097, "stop": 1746449908614}, {"name": "Нажимаем на ингредиент", "status": "passed", "start": 1746449908614, "stop": 1746449908666}, {"name": "Проверяем что есть модальное окно \"Ваш заказ начали готовить\"", "status": "broken", "statusDetails": {"message": "selenium.common.exceptions.TimeoutException: Message: \n\n", "trace": "  File \"D:\\Diplom_3\\.venv\\Lib\\site-packages\\allure_commons\\_allure.py\", line 202, in impl\n    return func(*a, **kw)\n           ^^^^^^^^^^^^^^\n  File \"D:\\Diplom_3\\pages\\home_page.py\", line 114, in availability_modal_window_ingredient_details_text\n    element = WebDriverWait(self.driver, 20).until(\n              ^^^^^^^^^^^^^^^^^^^^^^^^^^^^^^^^^^^^^\n  File \"D:\\Diplom_3\\.venv\\Lib\\site-packages\\selenium\\webdriver\\support\\wait.py\", line 146, in until\n    raise TimeoutException(message, screen, stacktrace)\n"}, "start": 1746449908666, "stop": 1746449928969}], "parameters": [{"name": "driver", "value": "'chrome'"}], "start": 1746449905097, "stop": 1746449928972, "uuid": "56fac522-9229-47c9-a32f-cb69c64f2935", "historyId": "b9007870cfd6eeed448d1862f4dc3e78", "testCaseId": "5c71ec3b1fe1f731aa2ac72382676c24", "fullName": "tests.test_home_page.TestHomePage#test_click_ingredient_open_window_with_details", "labels": [{"name": "feature", "value": " \"Главная\" cтраница"}, {"name": "tag", "value": "home_page"}, {"name": "parentSuite", "value": "tests"}, {"name": "suite", "value": "test_home_page"}, {"name": "subSuite", "value": "TestHomePage"}, {"name": "host", "value": "DESKTOP-O2PS26S"}, {"name": "thread", "value": "23972-MainThread"}, {"name": "framework", "value": "pytest"}, {"name": "language", "value": "cpython3"}, {"name": "package", "value": "tests.test_home_page"}]}